#
# There is insufficient memory for the Java Runtime Environment to continue.
# Native memory allocation (malloc) failed to allocate 32744 bytes for ChunkPool::allocate
# Possible reasons:
#   The system is out of physical RAM or swap space
#   In 32 bit mode, the process size limit was hit
# Possible solutions:
#   Reduce memory load on the system
#   Increase physical memory or swap space
#   Check if swap backing store is full
#   Use 64 bit Java on a 64 bit OS
#   Decrease Java heap size (-Xmx/-Xms)
#   Decrease number of Java threads
#   Decrease Java thread stack sizes (-Xss)
#   Set larger code cache with -XX:ReservedCodeCacheSize=
# This output file may be truncated or incomplete.
#
#  Out of Memory Error (allocation.cpp:273), pid=11964, tid=0x0000000000002960
#
# JRE version: Java(TM) SE Runtime Environment (8.0_171-b11) (build 1.8.0_171-b11)
# Java VM: Java HotSpot(TM) 64-Bit Server VM (25.171-b11 mixed mode windows-amd64 compressed oops)
# Failed to write core dump. Minidumps are not enabled by default on client versions of Windows
#

---------------  T H R E A D  ---------------

Current thread (0x0000000016ed3800):  JavaThread "C2 CompilerThread0" daemon [_thread_in_native, id=10592, stack(0x0000000018630000,0x0000000018730000)]

Stack: [0x0000000018630000,0x0000000018730000]
[error occurred during error reporting (printing stack bounds), id 0xc0000005]

Native frames: (J=compiled Java code, j=interpreted, Vv=VM code, C=native code)


Current CompileTask:
C2:   3268 1534   !   4       java.text.SimpleDateFormat::zeroPaddingNumber (270 bytes)


---------------  P R O C E S S  ---------------

Java Threads: ( => current thread )
  0x00000000198b7800 JavaThread "pool-1-thread-1" [_thread_blocked, id=13668, stack(0x000000001af40000,0x000000001b040000)]
  0x00000000197cb000 JavaThread "Abandoned connection cleanup thread" daemon [_thread_blocked, id=1124, stack(0x000000001a900000,0x000000001aa00000)]
  0x0000000018972800 JavaThread "Service Thread" daemon [_thread_blocked, id=12692, stack(0x0000000018d30000,0x0000000018e30000)]
  0x0000000016eec800 JavaThread "C1 CompilerThread2" daemon [_thread_blocked, id=11200, stack(0x0000000018830000,0x0000000018930000)]
  0x0000000016ed5800 JavaThread "C2 CompilerThread1" daemon [_thread_in_native, id=13316, stack(0x0000000018730000,0x0000000018830000)]
=>0x0000000016ed3800 JavaThread "C2 CompilerThread0" daemon [_thread_in_native, id=10592, stack(0x0000000018630000,0x0000000018730000)]
  0x0000000016ed2000 JavaThread "Attach Listener" daemon [_thread_blocked, id=5948, stack(0x0000000018530000,0x0000000018630000)]
  0x0000000016ed0800 JavaThread "Signal Dispatcher" daemon [_thread_blocked, id=1480, stack(0x0000000018430000,0x0000000018530000)]
  0x00000000047ed800 JavaThread "Finalizer" daemon [_thread_blocked, id=13764, stack(0x0000000018130000,0x0000000018230000)]
  0x00000000047e3000 JavaThread "Reference Handler" daemon [_thread_blocked, id=9556, stack(0x0000000018030000,0x0000000018130000)]
  0x00000000046f3800 JavaThread "main" [_thread_in_native, id=1424, stack(0x00000000045d0000,0x00000000046d0000)]

Other Threads:
  0x0000000016e97800 VMThread [stack: 0x0000000017f30000,0x0000000018030000] [id=12548]
  0x0000000018991800 WatcherThread [stack: 0x0000000018e30000,0x0000000018f30000] [id=9292]

VM state:not at safepoint (normal execution)

VM Mutex/Monitor currently owned by a thread: None

Heap:
 PSYoungGen      total 38912K, used 15857K [0x00000000eb200000, 0x00000000ee000000, 0x0000000100000000)
  eden space 32256K, 34% used [0x00000000eb200000,0x00000000ebcbd440,0x00000000ed180000)
  from space 6656K, 73% used [0x00000000ed880000,0x00000000edd3f2e8,0x00000000edf00000)
  to   space 7168K, 0% used [0x00000000ed180000,0x00000000ed180000,0x00000000ed880000)
 ParOldGen       total 44032K, used 7564K [0x00000000c1600000, 0x00000000c4100000, 0x00000000eb200000)
  object space 44032K, 17% used [0x00000000c1600000,0x00000000c1d63130,0x00000000c4100000)
 Metaspace       used 19232K, capacity 19424K, committed 19712K, reserved 1067008K
  class space    used 2468K, capacity 2559K, committed 2560K, reserved 1048576K

Card table byte_map: [0x0000000013c90000,0x0000000013e90000] byte_map_base: 0x0000000013685000

Marking Bits: (ParMarkBitMap*) 0x00000000679308c0
 Begin Bits: [0x00000000143e0000, 0x0000000015388000)
 End Bits:   [0x0000000015388000, 0x0000000016330000)

Polling page: 0x0000000002910000

CodeCache: size=245760Kb used=5201Kb max_used=5201Kb free=240558Kb
 bounds [0x00000000048d0000, 0x0000000004df0000, 0x00000000138d0000]
 total_blobs=2002 nmethods=1540 adapters=374
 compilation: enabled

Compilation events (10 events):
Event: 3.222 Thread 0x0000000016eec800 nmethod 1537 0x0000000004ddd210 code [0x0000000004ddd360, 0x0000000004ddd470]
Event: 3.222 Thread 0x0000000016eec800 1538       1       org.hibernate.loader.plan.exec.internal.EntityReferenceAliasesImpl::getColumnAliases (5 bytes)
Event: 3.222 Thread 0x0000000016eec800 nmethod 1538 0x0000000004ddd4d0 code [0x0000000004ddd620, 0x0000000004ddd730]
Event: 3.222 Thread 0x0000000016eec800 1539       3       sun.nio.cs.SingleByte$Decoder::decode (63 bytes)
Event: 3.223 Thread 0x0000000016eec800 nmethod 1539 0x0000000004ddd790 code [0x0000000004ddd920, 0x0000000004dddd30]
Event: 3.226 Thread 0x0000000016eec800 1540       3       org.hibernate.sql.Alias::toAliasString (61 bytes)
Event: 3.227 Thread 0x0000000016ed3800 nmethod 1533 0x0000000004ddf250 code [0x0000000004ddf480, 0x0000000004ddf9f0]
Event: 3.227 Thread 0x0000000016ed3800 1534   !   4       java.text.SimpleDateFormat::zeroPaddingNumber (270 bytes)
Event: 3.228 Thread 0x0000000016eec800 nmethod 1540 0x0000000004de0210 code [0x0000000004de04e0, 0x0000000004de1b18]
Event: 3.262 Thread 0x0000000016eec800 1541   !   3       org.hibernate.persister.walking.spi.MetamodelGraphWalker::visitAttributeDefinition (221 bytes)

GC Heap History (10 events):
Event: 1.096 GC heap before
{Heap before GC invocations=2 (full 0):
 PSYoungGen      total 18944K, used 17379K [0x00000000eb200000, 0x00000000ec700000, 0x0000000100000000)
  eden space 16384K, 100% used [0x00000000eb200000,0x00000000ec200000,0x00000000ec200000)
  from space 2560K, 38% used [0x00000000ec200000,0x00000000ec2f8db0,0x00000000ec480000)
  to   space 2560K, 0% used [0x00000000ec480000,0x00000000ec480000,0x00000000ec700000)
 ParOldGen       total 44032K, used 8K [0x00000000c1600000, 0x00000000c4100000, 0x00000000eb200000)
  object space 44032K, 0% used [0x00000000c1600000,0x00000000c1602000,0x00000000c4100000)
 Metaspace       used 8486K, capacity 8570K, committed 8832K, reserved 1056768K
  class space    used 1042K, capacity 1081K, committed 1152K, reserved 1048576K
Event: 1.103 GC heap after
Heap after GC invocations=2 (full 0):
 PSYoungGen      total 18944K, used 2536K [0x00000000eb200000, 0x00000000ec700000, 0x0000000100000000)
  eden space 16384K, 0% used [0x00000000eb200000,0x00000000eb200000,0x00000000ec200000)
  from space 2560K, 99% used [0x00000000ec480000,0x00000000ec6fa248,0x00000000ec700000)
  to   space 2560K, 0% used [0x00000000ec200000,0x00000000ec200000,0x00000000ec480000)
 ParOldGen       total 44032K, used 1091K [0x00000000c1600000, 0x00000000c4100000, 0x00000000eb200000)
  object space 44032K, 2% used [0x00000000c1600000,0x00000000c1710ef0,0x00000000c4100000)
 Metaspace       used 8486K, capacity 8570K, committed 8832K, reserved 1056768K
  class space    used 1042K, capacity 1081K, committed 1152K, reserved 1048576K
}
Event: 1.953 GC heap before
{Heap before GC invocations=3 (full 0):
 PSYoungGen      total 18944K, used 18920K [0x00000000eb200000, 0x00000000ec700000, 0x0000000100000000)
  eden space 16384K, 100% used [0x00000000eb200000,0x00000000ec200000,0x00000000ec200000)
  from space 2560K, 99% used [0x00000000ec480000,0x00000000ec6fa248,0x00000000ec700000)
  to   space 2560K, 0% used [0x00000000ec200000,0x00000000ec200000,0x00000000ec480000)
 ParOldGen       total 44032K, used 1091K [0x00000000c1600000, 0x00000000c4100000, 0x00000000eb200000)
  object space 44032K, 2% used [0x00000000c1600000,0x00000000c1710ef0,0x00000000c4100000)
 Metaspace       used 12459K, capacity 12608K, committed 12928K, reserved 1060864K
  class space    used 1547K, capacity 1594K, committed 1664K, reserved 1048576K
Event: 1.960 GC heap after
Heap after GC invocations=3 (full 0):
 PSYoungGen      total 18944K, used 2550K [0x00000000eb200000, 0x00000000ec700000, 0x0000000100000000)
  eden space 16384K, 0% used [0x00000000eb200000,0x00000000eb200000,0x00000000ec200000)
  from space 2560K, 99% used [0x00000000ec200000,0x00000000ec47d848,0x00000000ec480000)
  to   space 2560K, 0% used [0x00000000ec480000,0x00000000ec480000,0x00000000ec700000)
 ParOldGen       total 44032K, used 4034K [0x00000000c1600000, 0x00000000c4100000, 0x00000000eb200000)
  object space 44032K, 9% used [0x00000000c1600000,0x00000000c19f0870,0x00000000c4100000)
 Metaspace       used 12459K, capacity 12608K, committed 12928K, reserved 1060864K
  class space    used 1547K, capacity 1594K, committed 1664K, reserved 1048576K
}
Event: 2.389 GC heap before
{Heap before GC invocations=4 (full 0):
 PSYoungGen      total 18944K, used 18934K [0x00000000eb200000, 0x00000000ec700000, 0x0000000100000000)
  eden space 16384K, 100% used [0x00000000eb200000,0x00000000ec200000,0x00000000ec200000)
  from space 2560K, 99% used [0x00000000ec200000,0x00000000ec47d848,0x00000000ec480000)
  to   space 2560K, 0% used [0x00000000ec480000,0x00000000ec480000,0x00000000ec700000)
 ParOldGen       total 44032K, used 4034K [0x00000000c1600000, 0x00000000c4100000, 0x00000000eb200000)
  object space 44032K, 9% used [0x00000000c1600000,0x00000000c19f0870,0x00000000c4100000)
 Metaspace       used 14646K, capacity 14796K, committed 14976K, reserved 1062912K
  class space    used 1858K, capacity 1916K, committed 1920K, reserved 1048576K
Event: 2.395 GC heap after
Heap after GC invocations=4 (full 0):
 PSYoungGen      total 18944K, used 2537K [0x00000000eb200000, 0x00000000ec700000, 0x0000000100000000)
  eden space 16384K, 0% used [0x00000000eb200000,0x00000000eb200000,0x00000000ec200000)
  from space 2560K, 99% used [0x00000000ec480000,0x00000000ec6fa550,0x00000000ec700000)
  to   space 2560K, 0% used [0x00000000ec200000,0x00000000ec200000,0x00000000ec480000)
 ParOldGen       total 44032K, used 6114K [0x00000000c1600000, 0x00000000c4100000, 0x00000000eb200000)
  object space 44032K, 13% used [0x00000000c1600000,0x00000000c1bf8bb8,0x00000000c4100000)
 Metaspace       used 14646K, capacity 14796K, committed 14976K, reserved 1062912K
  class space    used 1858K, capacity 1916K, committed 1920K, reserved 1048576K
}
Event: 2.616 GC heap before
{Heap before GC invocations=5 (full 0):
 PSYoungGen      total 18944K, used 18921K [0x00000000eb200000, 0x00000000ec700000, 0x0000000100000000)
  eden space 16384K, 100% used [0x00000000eb200000,0x00000000ec200000,0x00000000ec200000)
  from space 2560K, 99% used [0x00000000ec480000,0x00000000ec6fa550,0x00000000ec700000)
  to   space 2560K, 0% used [0x00000000ec200000,0x00000000ec200000,0x00000000ec480000)
 ParOldGen       total 44032K, used 6114K [0x00000000c1600000, 0x00000000c4100000, 0x00000000eb200000)
  object space 44032K, 13% used [0x00000000c1600000,0x00000000c1bf8bb8,0x00000000c4100000)
 Metaspace       used 15875K, capacity 16060K, committed 16256K, reserved 1062912K
  class space    used 2037K, capacity 2079K, committed 2176K, reserved 1048576K
Event: 2.622 GC heap after
Heap after GC invocations=5 (full 0):
 PSYoungGen      total 18944K, used 2550K [0x00000000eb200000, 0x00000000edf00000, 0x0000000100000000)
  eden space 16384K, 0% used [0x00000000eb200000,0x00000000eb200000,0x00000000ec200000)
  from space 2560K, 99% used [0x00000000ec200000,0x00000000ec47d838,0x00000000ec480000)
  to   space 6656K, 0% used [0x00000000ed880000,0x00000000ed880000,0x00000000edf00000)
 ParOldGen       total 44032K, used 7556K [0x00000000c1600000, 0x00000000c4100000, 0x00000000eb200000)
  object space 44032K, 17% used [0x00000000c1600000,0x00000000c1d61130,0x00000000c4100000)
 Metaspace       used 15875K, capacity 16060K, committed 16256K, reserved 1062912K
  class space    used 2037K, capacity 2079K, committed 2176K, reserved 1048576K
}
Event: 3.016 GC heap before
{Heap before GC invocations=6 (full 0):
 PSYoungGen      total 18944K, used 18934K [0x00000000eb200000, 0x00000000edf00000, 0x0000000100000000)
  eden space 16384K, 100% used [0x00000000eb200000,0x00000000ec200000,0x00000000ec200000)
  from space 2560K, 99% used [0x00000000ec200000,0x00000000ec47d838,0x00000000ec480000)
  to   space 6656K, 0% used [0x00000000ed880000,0x00000000ed880000,0x00000000edf00000)
 ParOldGen       total 44032K, used 7556K [0x00000000c1600000, 0x00000000c4100000, 0x00000000eb200000)
  object space 44032K, 17% used [0x00000000c1600000,0x00000000c1d61130,0x00000000c4100000)
 Metaspace       used 18490K, capacity 18650K, committed 18816K, reserved 1064960K
  class space    used 2360K, capacity 2430K, committed 2432K, reserved 1048576K
Event: 3.024 GC heap after
Heap after GC invocations=6 (full 0):
 PSYoungGen      total 38912K, used 4860K [0x00000000eb200000, 0x00000000ee000000, 0x0000000100000000)
  eden space 32256K, 0% used [0x00000000eb200000,0x00000000eb200000,0x00000000ed180000)
  from space 6656K, 73% used [0x00000000ed880000,0x00000000edd3f2e8,0x00000000edf00000)
  to   space 7168K, 0% used [0x00000000ed180000,0x00000000ed180000,0x00000000ed880000)
 ParOldGen       total 44032K, used 7564K [0x00000000c1600000, 0x00000000c4100000, 0x00000000eb200000)
  object space 44032K, 17% used [0x00000000c1600000,0x00000000c1d63130,0x00000000c4100000)
 Metaspace       used 18490K, capacity 18650K, committed 18816K, reserved 1064960K
  class space    used 2360K, capacity 2430K, committed 2432K, reserved 1048576K
}

Deoptimization events (10 events):
Event: 2.419 Thread 0x00000000046f3800 Uncommon trap: reason=unstable_if action=reinterpret pc=0x0000000004ba099c method=java.util.regex.Pattern$BmpCharProperty.match(Ljava/util/regex/Matcher;ILjava/lang/CharSequence;)Z @ 5
Event: 2.606 Thread 0x00000000046f3800 Uncommon trap: reason=bimorphic action=maybe_recompile pc=0x0000000004cab7ec method=java.util.HashMap.putVal(ILjava/lang/Object;Ljava/lang/Object;ZZ)Ljava/lang/Object; @ 203
Event: 2.607 Thread 0x00000000046f3800 Uncommon trap: reason=bimorphic action=maybe_recompile pc=0x0000000004cab7ec method=java.util.HashMap.putVal(ILjava/lang/Object;Ljava/lang/Object;ZZ)Ljava/lang/Object; @ 203
Event: 2.607 Thread 0x00000000046f3800 Uncommon trap: reason=bimorphic action=maybe_recompile pc=0x0000000004cab7ec method=java.util.HashMap.putVal(ILjava/lang/Object;Ljava/lang/Object;ZZ)Ljava/lang/Object; @ 203
Event: 2.659 Thread 0x00000000046f3800 Uncommon trap: reason=bimorphic action=maybe_recompile pc=0x0000000004cab7ec method=java.util.HashMap.putVal(ILjava/lang/Object;Ljava/lang/Object;ZZ)Ljava/lang/Object; @ 203
Event: 2.831 Thread 0x00000000046f3800 Uncommon trap: reason=class_check action=maybe_recompile pc=0x0000000004cbddb4 method=java.util.concurrent.ConcurrentHashMap.get(Ljava/lang/Object;)Ljava/lang/Object; @ 149
Event: 2.833 Thread 0x00000000046f3800 Uncommon trap: reason=class_check action=maybe_recompile pc=0x0000000004cbddb4 method=java.util.concurrent.ConcurrentHashMap.get(Ljava/lang/Object;)Ljava/lang/Object; @ 149
Event: 2.834 Thread 0x00000000046f3800 Uncommon trap: reason=unstable_if action=reinterpret pc=0x0000000004cbdd78 method=java.util.concurrent.ConcurrentHashMap.get(Ljava/lang/Object;)Ljava/lang/Object; @ 127
Event: 2.957 Thread 0x00000000046f3800 Uncommon trap: reason=unstable_if action=reinterpret pc=0x0000000004c476a4 method=java.util.HashMap.getNode(ILjava/lang/Object;)Ljava/util/HashMap$Node; @ 84
Event: 2.958 Thread 0x00000000046f3800 Uncommon trap: reason=unstable_if action=reinterpret pc=0x0000000004c65a54 method=java.util.HashMap.getNode(ILjava/lang/Object;)Ljava/util/HashMap$Node; @ 84

Classes redefined (0 events):
No events

Internal exceptions (10 events):
Event: 0.495 Thread 0x00000000046f3800 Exception <a 'java/lang/ClassNotFoundException': org/apache/log4j/WriterAppenderCustomizer> (0x00000000eb49de28) thrown at [C:\re\workspace\8-2-build-windows-amd64-cygwin\jdk8u171\10807\hotspot\src\share\vm\classfile\systemDictionary.cpp, line 210]
Event: 0.498 Thread 0x00000000046f3800 Exception <a 'java/lang/ClassNotFoundException': org/apache/log4j/ConsoleAppenderCustomizer> (0x00000000eb4b7690) thrown at [C:\re\workspace\8-2-build-windows-amd64-cygwin\jdk8u171\10807\hotspot\src\share\vm\classfile\systemDictionary.cpp, line 210]
Event: 1.302 Thread 0x00000000046f3800 Implicit null exception at 0x0000000004b0f256 to 0x0000000004b0f5f1
Event: 1.919 Thread 0x00000000046f3800 Exception <a 'java/lang/NullPointerException'> (0x00000000ec165020) thrown at [C:\re\workspace\8-2-build-windows-amd64-cygwin\jdk8u171\10807\hotspot\src\share\vm\runtime\reflection.cpp, line 922]
Event: 1.919 Thread 0x00000000046f3800 Implicit null exception at 0x0000000004ad3816 to 0x0000000004ad3ba9
Event: 2.103 Thread 0x00000000046f3800 Exception <a 'java/lang/ArrayIndexOutOfBoundsException'> (0x00000000eb8a66f0) thrown at [C:\re\workspace\8-2-build-windows-amd64-cygwin\jdk8u171\10807\hotspot\src\share\vm\runtime\sharedRuntime.cpp, line 605]
Event: 2.103 Thread 0x00000000046f3800 Exception <a 'java/lang/ArrayIndexOutOfBoundsException'> (0x00000000eb8a7770) thrown at [C:\re\workspace\8-2-build-windows-amd64-cygwin\jdk8u171\10807\hotspot\src\share\vm\runtime\sharedRuntime.cpp, line 605]
Event: 2.114 Thread 0x00000000046f3800 Exception <a 'java/lang/ArrayIndexOutOfBoundsException'> (0x00000000eb904760) thrown at [C:\re\workspace\8-2-build-windows-amd64-cygwin\jdk8u171\10807\hotspot\src\share\vm\runtime\sharedRuntime.cpp, line 605]
Event: 2.877 Thread 0x00000000046f3800 Exception <a 'java/lang/NoSuchFieldError': method resolution failed> (0x00000000ebcdfd48) thrown at [C:\re\workspace\8-2-build-windows-amd64-cygwin\jdk8u171\10807\hotspot\src\share\vm\prims\methodHandles.cpp, line 1167]
Event: 2.880 Thread 0x00000000046f3800 Exception <a 'java/lang/NoSuchFieldError': method resolution failed> (0x00000000ebced438) thrown at [C:\re\workspace\8-2-build-windows-amd64-cygwin\jdk8u171\10807\hotspot\src\share\vm\prims\methodHandles.cpp, line 1167]

Events (10 events):
Event: 3.258 loading class org/hibernate/loader/plan/spi/JoinDefinedByMetadata
Event: 3.258 loading class org/hibernate/loader/plan/spi/JoinDefinedByMetadata done
Event: 3.259 loading class org/hibernate/loader/plan/build/internal/spaces/JoinImpl
Event: 3.259 loading class org/hibernate/loader/plan/build/internal/spaces/JoinImpl done
Event: 3.259 loading class org/hibernate/loader/plan/build/internal/returns/CollectionFetchableElementEntityGraph
Event: 3.259 loading class org/hibernate/loader/plan/build/internal/returns/CollectionFetchableElementEntityGraph done
Event: 3.260 loading class org/hibernate/persister/collection/AbstractCollectionPersister$2
Event: 3.260 loading class org/hibernate/persister/collection/AbstractCollectionPersister$2 done
Event: 3.261 loading class org/hibernate/persister/walking/spi/CompositeCollectionElementDefinition
Event: 3.261 loading class org/hibernate/persister/walking/spi/CompositeCollectionElementDefinition done


Dynamic libraries:
0x00007ff6bc590000 - 0x00007ff6bc5c7000 	C:\Java\JavaSE\bin\javaw.exe
0x00007ffbd81d0000 - 0x00007ffbd83b0000 	C:\WINDOWS\SYSTEM32\ntdll.dll
0x00007ffbd7b60000 - 0x00007ffbd7c0e000 	C:\WINDOWS\System32\KERNEL32.DLL
0x00007ffbd5430000 - 0x00007ffbd5696000 	C:\WINDOWS\System32\KERNELBASE.dll
0x00007ffbd5b90000 - 0x00007ffbd5c31000 	C:\WINDOWS\System32\ADVAPI32.dll
0x00007ffbd7950000 - 0x00007ffbd79ed000 	C:\WINDOWS\System32\msvcrt.dll
0x00007ffbd7a50000 - 0x00007ffbd7aab000 	C:\WINDOWS\System32\sechost.dll
0x00007ffbd6080000 - 0x00007ffbd619f000 	C:\WINDOWS\System32\RPCRT4.dll
0x00007ffbd5c40000 - 0x00007ffbd5dcf000 	C:\WINDOWS\System32\USER32.dll
0x00007ffbd4c40000 - 0x00007ffbd4c60000 	C:\WINDOWS\System32\win32u.dll
0x00007ffbd5b00000 - 0x00007ffbd5b28000 	C:\WINDOWS\System32\GDI32.dll
0x00007ffbd4950000 - 0x00007ffbd4ae3000 	C:\WINDOWS\System32\gdi32full.dll
0x00007ffbd4ba0000 - 0x00007ffbd4c3b000 	C:\WINDOWS\System32\msvcp_win.dll
0x00007ffbd47f0000 - 0x00007ffbd48e6000 	C:\WINDOWS\System32\ucrtbase.dll
0x00007ffbc0ac0000 - 0x00007ffbc0d29000 	C:\WINDOWS\WinSxS\amd64_microsoft.windows.common-controls_6595b64144ccf1df_6.0.16299.431_none_15c7d3ee93659e73\COMCTL32.dll
0x00007ffbd7e90000 - 0x00007ffbd8198000 	C:\WINDOWS\System32\combase.dll
0x00007ffbd53b0000 - 0x00007ffbd5422000 	C:\WINDOWS\System32\bcryptPrimitives.dll
0x00007ffbd61a0000 - 0x00007ffbd61cd000 	C:\WINDOWS\System32\IMM32.DLL
0x0000000066a70000 - 0x0000000066b42000 	C:\Java\JavaSE\bin\msvcr100.dll
0x0000000067110000 - 0x00000000679b0000 	C:\Java\JavaSE\bin\server\jvm.dll
0x00007ffbd6500000 - 0x00007ffbd6508000 	C:\WINDOWS\System32\PSAPI.DLL
0x00007ffbd1280000 - 0x00007ffbd12a3000 	C:\WINDOWS\SYSTEM32\WINMM.dll
0x00007ffbbbd80000 - 0x00007ffbbbd89000 	C:\WINDOWS\SYSTEM32\WSOCK32.dll
0x00007ffbc9270000 - 0x00007ffbc927a000 	C:\WINDOWS\SYSTEM32\VERSION.dll
0x00007ffbd61d0000 - 0x00007ffbd623c000 	C:\WINDOWS\System32\WS2_32.dll
0x00007ffbd1250000 - 0x00007ffbd127a000 	C:\WINDOWS\SYSTEM32\winmmbase.dll
0x00007ffbd45d0000 - 0x00007ffbd461a000 	C:\WINDOWS\System32\cfgmgr32.dll
0x0000000067020000 - 0x000000006702f000 	C:\Java\JavaSE\bin\verify.dll
0x0000000066ff0000 - 0x0000000067019000 	C:\Java\JavaSE\bin\java.dll
0x0000000066fd0000 - 0x0000000066fe6000 	C:\Java\JavaSE\bin\zip.dll
0x00007ffbd6510000 - 0x00007ffbd7948000 	C:\WINDOWS\System32\SHELL32.dll
0x00007ffbd7ab0000 - 0x00007ffbd7b56000 	C:\WINDOWS\System32\shcore.dll
0x00007ffbd4c60000 - 0x00007ffbd53a7000 	C:\WINDOWS\System32\windows.storage.dll
0x00007ffbd7e30000 - 0x00007ffbd7e81000 	C:\WINDOWS\System32\shlwapi.dll
0x00007ffbd4540000 - 0x00007ffbd4551000 	C:\WINDOWS\System32\kernel.appcore.dll
0x00007ffbd4560000 - 0x00007ffbd45ac000 	C:\WINDOWS\System32\powrprof.dll
0x00007ffbd45b0000 - 0x00007ffbd45cb000 	C:\WINDOWS\System32\profapi.dll
0x0000000066fb0000 - 0x0000000066fca000 	C:\Java\JavaSE\bin\net.dll
0x00007ffbd3db0000 - 0x00007ffbd3e16000 	C:\WINDOWS\system32\mswsock.dll
0x00007ffbd3b80000 - 0x00007ffbd3c36000 	C:\WINDOWS\SYSTEM32\DNSAPI.dll
0x00007ffbd7e20000 - 0x00007ffbd7e28000 	C:\WINDOWS\System32\NSI.dll
0x00007ffbd3b40000 - 0x00007ffbd3b79000 	C:\WINDOWS\SYSTEM32\IPHLPAPI.DLL
0x00007ffbcb3a0000 - 0x00007ffbcb3aa000 	C:\Windows\System32\rasadhlp.dll
0x00007ffbcc520000 - 0x00007ffbcc590000 	C:\WINDOWS\System32\fwpuclnt.dll
0x00007ffbd4080000 - 0x00007ffbd40a5000 	C:\WINDOWS\SYSTEM32\bcrypt.dll

VM Arguments:
jvm_args: -Dfile.encoding=Cp1251 
java_command: rus.store.TenderStore.HN.Application
java_class_path (initial): C:\Java\JavaSE\lib\resources.jar;C:\Java\JavaSE\lib\rt.jar;C:\Java\JavaSE\lib\jsse.jar;C:\Java\JavaSE\lib\jce.jar;C:\Java\JavaSE\lib\charsets.jar;C:\Java\JavaSE\lib\jfr.jar;C:\Java\JavaSE\lib\ext\access-bridge-64.jar;C:\Java\JavaSE\lib\ext\cldrdata.jar;C:\Java\JavaSE\lib\ext\dnsns.jar;C:\Java\JavaSE\lib\ext\jaccess.jar;C:\Java\JavaSE\lib\ext\jfxrt.jar;C:\Java\JavaSE\lib\ext\localedata.jar;C:\Java\JavaSE\lib\ext\nashorn.jar;C:\Java\JavaSE\lib\ext\sunec.jar;C:\Java\JavaSE\lib\ext\sunjce_provider.jar;C:\Java\JavaSE\lib\ext\sunmscapi.jar;C:\Java\JavaSE\lib\ext\sunpkcs11.jar;C:\Java\JavaSE\lib\ext\zipfs.jar;C:\Users\Олег Гончар\Google Диск\Java\Projects\TenderStore 21052018\target\classes;C:\Users\Олег Гончар\.m2\repository\log4j\log4j\1.2.17\log4j-1.2.17.jar;C:\Users\Олег Гончар\.m2\repository\org\hibernate\hibernate-core\4.3.0.Final\hibernate-core-4.3.0.Final.jar;C:\Users\Олег Гончар\.m2\repository\org\jboss\logging\jboss-logging\3.1.3.GA\jboss-logging-3.1.3.GA.jar;C:\Users\Олег Гончар\.m2\repository\org\jboss\logging\jboss-logging-annotations\1.2.0.Beta1\jboss-logging-annotations-1.2.0.Beta1.jar;C:\Users\Олег Гончар\.m2\repository\org\jboss\spec\javax\transaction\jboss-transaction-api_1.2_spec\1.0.0.Final\jboss-transaction-api_1.2_spec-1.0.0.Final.jar;C:\Users\Олег Гончар\.m2\repository\org\hibernate\javax\persistence\hibernate-jpa-2.1-api\1.0.0.Final\hibernate-jpa-2.1-api-1.0.0.Final.jar;C:\Users\Олег Гончар\.m2\repository\org\javassist\javassist\3.18.1-GA\javassist-3.18.1-GA.jar;C:\Users\Олег Гончар\.m2\repository\antlr\antlr\2.7.7\antlr-2.7.7.jar;C:\Users\Олег Гончар\.m2\repository\org\jboss\jandex\1.1.0.Final\jandex-1.1.0.Final.jar;C:\Users\Олег Гончар\.m2\repository\org\jsoup\jsoup\1.11.3\jsoup-1.11.3.jar;C:\Users\Олег Гончар\.m2\repository\mysql\mysql-connector-java\5.1.33\mysql-connector-java-5.1.33.jar;C:\Users\Олег Гончар\.m2\repository\javax\transaction\jta\1.1\jta-1.1.jar;C:\Users\Олег Гончар\.m2\repository\org\slf4j\slf4j-api\1
Launcher Type: SUN_STANDARD

Environment Variables:
JAVA_HOME=C:\Program Files\Java\jdk1.8.0_171
CLASSPATH=C:\Java\bin;C:\Java\Tomcat;
PATH=C:/Java/JavaSE/bin/server;C:/Java/JavaSE/bin;C:/Java/JavaSE/lib/amd64;C:\Program Files (x86)\Common Files\Oracle\Java\javapath;C:\WINDOWS\system32;C:\WINDOWS;C:\Java\JavaEE\bin;C:\Tomcat\bin;C:\Java\apache-maven-3.5.3\apache-maven\src\bin;C:\Java\apache-maven-3.5.3\apache-maven\src;C:\JavaScript\Node\;C:\JavaScript\Git\cmd;C:\Users\Олег Гончар\AppData\Roaming\npm;C:\Users\Олег Гончар\AppData\Local\atom\bin;C:\Users\Олег Гончар\AppData\Local\GitHubDesktop\bin;C:\Java\Eclipse\eclipse;
USERNAME=Олег Гончар
OS=Windows_NT
PROCESSOR_IDENTIFIER=Intel64 Family 6 Model 58 Stepping 9, GenuineIntel



---------------  S Y S T E M  ---------------

OS: Windows 10.0 , 64 bit Build 16299 (10.0.16299.431)

CPU:total 4 (initial active 4) (2 cores per cpu, 2 threads per core) family 6 model 58 stepping 9, cmov, cx8, fxsr, mmx, sse, sse2, sse3, ssse3, sse4.1, sse4.2, popcnt, avx, aes, clmul, erms, ht, tsc, tscinvbit, tscinv

Memory: 4k page, physical 4098756k(383136k free), swap 12277312k(3172k free)

vm_info: Java HotSpot(TM) 64-Bit Server VM (25.171-b11) for windows-amd64 JRE (1.8.0_171-b11), built on Mar 28 2018 16:06:12 by "java_re" with MS VC++ 10.0 (VS2010)

time: Thu May 24 10:34:52 2018
elapsed time: 3 seconds (0d 0h 0m 3s)

