#
# There is insufficient memory for the Java Runtime Environment to continue.
# Native memory allocation (malloc) failed to allocate 340656 bytes for Chunk::new
# Possible reasons:
#   The system is out of physical RAM or swap space
#   In 32 bit mode, the process size limit was hit
# Possible solutions:
#   Reduce memory load on the system
#   Increase physical memory or swap space
#   Check if swap backing store is full
#   Use 64 bit Java on a 64 bit OS
#   Decrease Java heap size (-Xmx/-Xms)
#   Decrease number of Java threads
#   Decrease Java thread stack sizes (-Xss)
#   Set larger code cache with -XX:ReservedCodeCacheSize=
# This output file may be truncated or incomplete.
#
#  Out of Memory Error (allocation.cpp:390), pid=11720, tid=0x00000000000010c4
#
# JRE version: Java(TM) SE Runtime Environment (8.0_171-b11) (build 1.8.0_171-b11)
# Java VM: Java HotSpot(TM) 64-Bit Server VM (25.171-b11 mixed mode windows-amd64 compressed oops)
# Failed to write core dump. Minidumps are not enabled by default on client versions of Windows
#

---------------  T H R E A D  ---------------

Current thread (0x0000000017193800):  JavaThread "C2 CompilerThread0" daemon [_thread_in_native, id=4292, stack(0x00000000188f0000,0x00000000189f0000)]

Stack: [0x00000000188f0000,0x00000000189f0000]
[error occurred during error reporting (printing stack bounds), id 0xc0000005]

Native frames: (J=compiled Java code, j=interpreted, Vv=VM code, C=native code)


Current CompileTask:
C2:    951  535   !   4       sun.misc.URLClassPath$JarLoader::getResource (85 bytes)


---------------  P R O C E S S  ---------------

Java Threads: ( => current thread )
  0x0000000018c1a800 JavaThread "Service Thread" daemon [_thread_blocked, id=12928, stack(0x0000000018ff0000,0x00000000190f0000)]
  0x000000001719f800 JavaThread "C1 CompilerThread2" daemon [_thread_in_native, id=10924, stack(0x0000000018af0000,0x0000000018bf0000)]
  0x0000000017196000 JavaThread "C2 CompilerThread1" daemon [_thread_in_native, id=1748, stack(0x00000000189f0000,0x0000000018af0000)]
=>0x0000000017193800 JavaThread "C2 CompilerThread0" daemon [_thread_in_native, id=4292, stack(0x00000000188f0000,0x00000000189f0000)]
  0x0000000017192000 JavaThread "Attach Listener" daemon [_thread_blocked, id=6232, stack(0x00000000187f0000,0x00000000188f0000)]
  0x0000000017190000 JavaThread "Signal Dispatcher" daemon [_thread_blocked, id=12424, stack(0x00000000186f0000,0x00000000187f0000)]
  0x000000001717a800 JavaThread "Finalizer" daemon [_thread_blocked, id=6156, stack(0x00000000183f0000,0x00000000184f0000)]
  0x0000000004b83000 JavaThread "Reference Handler" daemon [_thread_blocked, id=2676, stack(0x00000000182f0000,0x00000000183f0000)]
  0x0000000004a93800 JavaThread "main" [_thread_in_native, id=4788, stack(0x0000000004910000,0x0000000004a10000)]

Other Threads:
  0x0000000017157800 VMThread [stack: 0x00000000181f0000,0x00000000182f0000] [id=13720]
  0x0000000018c3e000 WatcherThread [stack: 0x00000000190f0000,0x00000000191f0000] [id=12512]

VM state:not at safepoint (normal execution)

VM Mutex/Monitor currently owned by a thread: None

Heap:
 PSYoungGen      total 18944K, used 16834K [0x00000000eb200000, 0x00000000ec700000, 0x0000000100000000)
  eden space 16384K, 96% used [0x00000000eb200000,0x00000000ec177a88,0x00000000ec200000)
  from space 2560K, 38% used [0x00000000ec200000,0x00000000ec2f8db0,0x00000000ec480000)
  to   space 2560K, 0% used [0x00000000ec480000,0x00000000ec480000,0x00000000ec700000)
 ParOldGen       total 44032K, used 8K [0x00000000c1600000, 0x00000000c4100000, 0x00000000eb200000)
  object space 44032K, 0% used [0x00000000c1600000,0x00000000c1602000,0x00000000c4100000)
 Metaspace       used 8260K, capacity 8314K, committed 8448K, reserved 1056768K
  class space    used 1010K, capacity 1017K, committed 1024K, reserved 1048576K

Card table byte_map: [0x0000000013f50000,0x0000000014150000] byte_map_base: 0x0000000013945000

Marking Bits: (ParMarkBitMap*) 0x00000000679308c0
 Begin Bits: [0x00000000146a0000, 0x0000000015648000)
 End Bits:   [0x0000000015648000, 0x00000000165f0000)

Polling page: 0x0000000004a10000

CodeCache: size=245760Kb used=2596Kb max_used=2596Kb free=243163Kb
 bounds [0x0000000004b90000, 0x0000000004e20000, 0x0000000013b90000]
 total_blobs=837 nmethods=545 adapters=205
 compilation: enabled

Compilation events (10 events):
Event: 0.942 Thread 0x000000001719f800  541       3       com.sun.org.apache.xerces.internal.impl.XMLEntityScanner::checkBeforeLoad (140 bytes)
Event: 0.943 Thread 0x000000001719f800 nmethod 541 0x0000000004e160d0 code [0x0000000004e16280, 0x0000000004e167d8]
Event: 0.943 Thread 0x000000001719f800  542       3       com.sun.org.apache.xerces.internal.impl.XMLEntityScanner::skipChar (285 bytes)
Event: 0.944 Thread 0x000000001719f800 nmethod 542 0x0000000004e16990 code [0x0000000004e16b60, 0x0000000004e17288]
Event: 0.944 Thread 0x000000001719f800  544       3       com.sun.org.apache.xerces.internal.impl.XMLEntityScanner::skipSpaces (350 bytes)
Event: 0.945 Thread 0x000000001719f800 nmethod 544 0x0000000004e175d0 code [0x0000000004e17800, 0x0000000004e184e8]
Event: 0.945 Thread 0x000000001719f800  543       3       com.sun.org.apache.xerces.internal.util.XMLChar::isSpace (22 bytes)
Event: 0.945 Thread 0x000000001719f800 nmethod 543 0x0000000004e13090 code [0x0000000004e13200, 0x0000000004e133f0]
Event: 0.946 Thread 0x000000001719f800  545       3       java.util.AbstractSet::<init> (5 bytes)
Event: 0.947 Thread 0x000000001719f800 nmethod 545 0x0000000004e18b50 code [0x0000000004e18cc0, 0x0000000004e18ed0]

GC Heap History (2 events):
Event: 0.324 GC heap before
{Heap before GC invocations=1 (full 0):
 PSYoungGen      total 18944K, used 16384K [0x00000000eb200000, 0x00000000ec700000, 0x0000000100000000)
  eden space 16384K, 100% used [0x00000000eb200000,0x00000000ec200000,0x00000000ec200000)
  from space 2560K, 0% used [0x00000000ec480000,0x00000000ec480000,0x00000000ec700000)
  to   space 2560K, 0% used [0x00000000ec200000,0x00000000ec200000,0x00000000ec480000)
 ParOldGen       total 44032K, used 0K [0x00000000c1600000, 0x00000000c4100000, 0x00000000eb200000)
  object space 44032K, 0% used [0x00000000c1600000,0x00000000c1600000,0x00000000c4100000)
 Metaspace       used 3099K, capacity 4664K, committed 4864K, reserved 1056768K
  class space    used 353K, capacity 424K, committed 512K, reserved 1048576K
Event: 0.326 GC heap after
Heap after GC invocations=1 (full 0):
 PSYoungGen      total 18944K, used 995K [0x00000000eb200000, 0x00000000ec700000, 0x0000000100000000)
  eden space 16384K, 0% used [0x00000000eb200000,0x00000000eb200000,0x00000000ec200000)
  from space 2560K, 38% used [0x00000000ec200000,0x00000000ec2f8db0,0x00000000ec480000)
  to   space 2560K, 0% used [0x00000000ec480000,0x00000000ec480000,0x00000000ec700000)
 ParOldGen       total 44032K, used 8K [0x00000000c1600000, 0x00000000c4100000, 0x00000000eb200000)
  object space 44032K, 0% used [0x00000000c1600000,0x00000000c1602000,0x00000000c4100000)
 Metaspace       used 3099K, capacity 4664K, committed 4864K, reserved 1056768K
  class space    used 353K, capacity 424K, committed 512K, reserved 1048576K
}

Deoptimization events (1 events):
Event: 0.535 Thread 0x0000000004a93800 Uncommon trap: reason=unstable_if action=reinterpret pc=0x0000000004d0c364 method=java.lang.String.indexOf([CII[CIII)I @ 3

Classes redefined (0 events):
No events

Internal exceptions (10 events):
Event: 0.407 Thread 0x0000000004a93800 Exception <a 'java/lang/ArrayIndexOutOfBoundsException': 22> (0x00000000eb3af6c8) thrown at [C:\re\workspace\8-2-build-windows-amd64-cygwin\jdk8u171\10807\hotspot\src\share\vm\interpreter\interpreterRuntime.cpp, line 366]
Event: 0.409 Thread 0x0000000004a93800 Exception <a 'java/lang/ArrayIndexOutOfBoundsException': 160> (0x00000000eb3b1b18) thrown at [C:\re\workspace\8-2-build-windows-amd64-cygwin\jdk8u171\10807\hotspot\src\share\vm\interpreter\interpreterRuntime.cpp, line 366]
Event: 0.415 Thread 0x0000000004a93800 Exception <a 'java/lang/ClassNotFoundException': org/apache/log4j/LayoutCustomizer> (0x00000000eb3bfd40) thrown at [C:\re\workspace\8-2-build-windows-amd64-cygwin\jdk8u171\10807\hotspot\src\share\vm\classfile\systemDictionary.cpp, line 210]
Event: 0.417 Thread 0x0000000004a93800 Exception <a 'java/lang/ClassNotFoundException': org/apache/log4j/PatternLayoutCustomizer> (0x00000000eb3dd220) thrown at [C:\re\workspace\8-2-build-windows-amd64-cygwin\jdk8u171\10807\hotspot\src\share\vm\classfile\systemDictionary.cpp, line 210]
Event: 0.465 Thread 0x0000000004a93800 Exception <a 'java/lang/ClassNotFoundException': org/apache/log4j/ConsoleAppenderBeanInfo> (0x00000000eb4513d8) thrown at [C:\re\workspace\8-2-build-windows-amd64-cygwin\jdk8u171\10807\hotspot\src\share\vm\classfile\systemDictionary.cpp, line 210]
Event: 0.465 Thread 0x0000000004a93800 Exception <a 'java/lang/ClassNotFoundException': org/apache/log4j/WriterAppenderBeanInfo> (0x00000000eb45dea0) thrown at [C:\re\workspace\8-2-build-windows-amd64-cygwin\jdk8u171\10807\hotspot\src\share\vm\classfile\systemDictionary.cpp, line 210]
Event: 0.466 Thread 0x0000000004a93800 Exception <a 'java/lang/ClassNotFoundException': org/apache/log4j/AppenderSkeletonBeanInfo> (0x00000000eb46af80) thrown at [C:\re\workspace\8-2-build-windows-amd64-cygwin\jdk8u171\10807\hotspot\src\share\vm\classfile\systemDictionary.cpp, line 210]
Event: 0.466 Thread 0x0000000004a93800 Exception <a 'java/lang/ClassNotFoundException': org/apache/log4j/AppenderSkeletonCustomizer> (0x00000000eb478838) thrown at [C:\re\workspace\8-2-build-windows-amd64-cygwin\jdk8u171\10807\hotspot\src\share\vm\classfile\systemDictionary.cpp, line 210]
Event: 0.468 Thread 0x0000000004a93800 Exception <a 'java/lang/ClassNotFoundException': org/apache/log4j/WriterAppenderCustomizer> (0x00000000eb499248) thrown at [C:\re\workspace\8-2-build-windows-amd64-cygwin\jdk8u171\10807\hotspot\src\share\vm\classfile\systemDictionary.cpp, line 210]
Event: 0.470 Thread 0x0000000004a93800 Exception <a 'java/lang/ClassNotFoundException': org/apache/log4j/ConsoleAppenderCustomizer> (0x00000000eb4b2798) thrown at [C:\re\workspace\8-2-build-windows-amd64-cygwin\jdk8u171\10807\hotspot\src\share\vm\classfile\systemDictionary.cpp, line 210]

Events (10 events):
Event: 0.938 loading class com/sun/xml/internal/stream/StaxXMLInputSource
Event: 0.939 loading class com/sun/xml/internal/stream/StaxXMLInputSource done
Event: 0.944 loading class com/sun/org/apache/xerces/internal/impl/Constants
Event: 0.945 loading class com/sun/org/apache/xerces/internal/impl/Constants done
Event: 0.946 loading class com/sun/org/apache/xerces/internal/impl/Constants$ArrayEnumeration
Event: 0.946 loading class com/sun/org/apache/xerces/internal/impl/Constants$ArrayEnumeration done
Event: 0.946 loading class org/dom4j/Namespace
Event: 0.946 loading class org/dom4j/Namespace done
Event: 0.947 loading class org/dom4j/tree/NamespaceCache
Event: 0.947 loading class org/dom4j/tree/NamespaceCache done


Dynamic libraries:
0x00007ff6bc590000 - 0x00007ff6bc5c7000 	C:\Java\JavaSE\bin\javaw.exe
0x00007ffbd81d0000 - 0x00007ffbd83b0000 	C:\WINDOWS\SYSTEM32\ntdll.dll
0x00007ffbd7b60000 - 0x00007ffbd7c0e000 	C:\WINDOWS\System32\KERNEL32.DLL
0x00007ffbd5430000 - 0x00007ffbd5696000 	C:\WINDOWS\System32\KERNELBASE.dll
0x00007ffbd5b90000 - 0x00007ffbd5c31000 	C:\WINDOWS\System32\ADVAPI32.dll
0x00007ffbd7950000 - 0x00007ffbd79ed000 	C:\WINDOWS\System32\msvcrt.dll
0x00007ffbd7a50000 - 0x00007ffbd7aab000 	C:\WINDOWS\System32\sechost.dll
0x00007ffbd6080000 - 0x00007ffbd619f000 	C:\WINDOWS\System32\RPCRT4.dll
0x00007ffbd5c40000 - 0x00007ffbd5dcf000 	C:\WINDOWS\System32\USER32.dll
0x00007ffbd4c40000 - 0x00007ffbd4c60000 	C:\WINDOWS\System32\win32u.dll
0x00007ffbd5b00000 - 0x00007ffbd5b28000 	C:\WINDOWS\System32\GDI32.dll
0x00007ffbd4950000 - 0x00007ffbd4ae3000 	C:\WINDOWS\System32\gdi32full.dll
0x00007ffbd4ba0000 - 0x00007ffbd4c3b000 	C:\WINDOWS\System32\msvcp_win.dll
0x00007ffbd47f0000 - 0x00007ffbd48e6000 	C:\WINDOWS\System32\ucrtbase.dll
0x00007ffbc0ac0000 - 0x00007ffbc0d29000 	C:\WINDOWS\WinSxS\amd64_microsoft.windows.common-controls_6595b64144ccf1df_6.0.16299.431_none_15c7d3ee93659e73\COMCTL32.dll
0x00007ffbd7e90000 - 0x00007ffbd8198000 	C:\WINDOWS\System32\combase.dll
0x00007ffbd53b0000 - 0x00007ffbd5422000 	C:\WINDOWS\System32\bcryptPrimitives.dll
0x00007ffbd61a0000 - 0x00007ffbd61cd000 	C:\WINDOWS\System32\IMM32.DLL
0x0000000066a70000 - 0x0000000066b42000 	C:\Java\JavaSE\bin\msvcr100.dll
0x0000000067110000 - 0x00000000679b0000 	C:\Java\JavaSE\bin\server\jvm.dll
0x00007ffbd6500000 - 0x00007ffbd6508000 	C:\WINDOWS\System32\PSAPI.DLL
0x00007ffbbbd80000 - 0x00007ffbbbd89000 	C:\WINDOWS\SYSTEM32\WSOCK32.dll
0x00007ffbd61d0000 - 0x00007ffbd623c000 	C:\WINDOWS\System32\WS2_32.dll
0x00007ffbd1280000 - 0x00007ffbd12a3000 	C:\WINDOWS\SYSTEM32\WINMM.dll
0x00007ffbc9270000 - 0x00007ffbc927a000 	C:\WINDOWS\SYSTEM32\VERSION.dll
0x00007ffbd1250000 - 0x00007ffbd127a000 	C:\WINDOWS\SYSTEM32\WINMMBASE.dll
0x00007ffbd45d0000 - 0x00007ffbd461a000 	C:\WINDOWS\System32\cfgmgr32.dll
0x0000000067020000 - 0x000000006702f000 	C:\Java\JavaSE\bin\verify.dll
0x0000000066ff0000 - 0x0000000067019000 	C:\Java\JavaSE\bin\java.dll
0x0000000066fd0000 - 0x0000000066fe6000 	C:\Java\JavaSE\bin\zip.dll
0x00007ffbd6510000 - 0x00007ffbd7948000 	C:\WINDOWS\System32\SHELL32.dll
0x00007ffbd7ab0000 - 0x00007ffbd7b56000 	C:\WINDOWS\System32\shcore.dll
0x00007ffbd4c60000 - 0x00007ffbd53a7000 	C:\WINDOWS\System32\windows.storage.dll
0x00007ffbd7e30000 - 0x00007ffbd7e81000 	C:\WINDOWS\System32\shlwapi.dll
0x00007ffbd4540000 - 0x00007ffbd4551000 	C:\WINDOWS\System32\kernel.appcore.dll
0x00007ffbd4560000 - 0x00007ffbd45ac000 	C:\WINDOWS\System32\powrprof.dll
0x00007ffbd45b0000 - 0x00007ffbd45cb000 	C:\WINDOWS\System32\profapi.dll

VM Arguments:
jvm_args: -Dfile.encoding=Cp1251 
java_command: rus.store.TenderStore.HN.Application
java_class_path (initial): C:\Java\JavaSE\lib\resources.jar;C:\Java\JavaSE\lib\rt.jar;C:\Java\JavaSE\lib\jsse.jar;C:\Java\JavaSE\lib\jce.jar;C:\Java\JavaSE\lib\charsets.jar;C:\Java\JavaSE\lib\jfr.jar;C:\Java\JavaSE\lib\ext\access-bridge-64.jar;C:\Java\JavaSE\lib\ext\cldrdata.jar;C:\Java\JavaSE\lib\ext\dnsns.jar;C:\Java\JavaSE\lib\ext\jaccess.jar;C:\Java\JavaSE\lib\ext\jfxrt.jar;C:\Java\JavaSE\lib\ext\localedata.jar;C:\Java\JavaSE\lib\ext\nashorn.jar;C:\Java\JavaSE\lib\ext\sunec.jar;C:\Java\JavaSE\lib\ext\sunjce_provider.jar;C:\Java\JavaSE\lib\ext\sunmscapi.jar;C:\Java\JavaSE\lib\ext\sunpkcs11.jar;C:\Java\JavaSE\lib\ext\zipfs.jar;C:\Users\Олег Гончар\Google Диск\Java\Projects\TenderStore 21052018\target\classes;C:\Users\Олег Гончар\.m2\repository\log4j\log4j\1.2.17\log4j-1.2.17.jar;C:\Users\Олег Гончар\.m2\repository\org\javassist\javassist\3.18.1-GA\javassist-3.18.1-GA.jar;C:\Users\Олег Гончар\.m2\repository\org\hibernate\hibernate-core\4.3.0.Final\hibernate-core-4.3.0.Final.jar;C:\Users\Олег Гончар\.m2\repository\org\jboss\logging\jboss-logging\3.1.3.GA\jboss-logging-3.1.3.GA.jar;C:\Users\Олег Гончар\.m2\repository\org\jboss\logging\jboss-logging-annotations\1.2.0.Beta1\jboss-logging-annotations-1.2.0.Beta1.jar;C:\Users\Олег Гончар\.m2\repository\org\jboss\spec\javax\transaction\jboss-transaction-api_1.2_spec\1.0.0.Final\jboss-transaction-api_1.2_spec-1.0.0.Final.jar;C:\Users\Олег Гончар\.m2\repository\org\hibernate\javax\persistence\hibernate-jpa-2.1-api\1.0.0.Final\hibernate-jpa-2.1-api-1.0.0.Final.jar;C:\Users\Олег Гончар\.m2\repository\antlr\antlr\2.7.7\antlr-2.7.7.jar;C:\Users\Олег Гончар\.m2\repository\org\jboss\jandex\1.1.0.Final\jandex-1.1.0.Final.jar;C:\Users\Олег Гончар\.m2\repository\org\jsoup\jsoup\1.11.3\jsoup-1.11.3.jar;C:\Users\Олег Гончар\.m2\repository\mysql\mysql-connector-java\5.1.33\mysql-connector-java-5.1.33.jar;C:\Users\Олег Гончар\.m2\repository\javax\transaction\jta\1.1\jta-1.1.jar;C:\Users\Олег Гончар\.m2\repository\org\slf4j\slf4j-api\1
Launcher Type: SUN_STANDARD

Environment Variables:
JAVA_HOME=C:\Program Files\Java\jdk1.8.0_171
CLASSPATH=C:\Java\bin;C:\Java\Tomcat;
PATH=C:/Java/JavaSE/bin/server;C:/Java/JavaSE/bin;C:/Java/JavaSE/lib/amd64;C:\Program Files (x86)\Common Files\Oracle\Java\javapath;C:\WINDOWS\system32;C:\WINDOWS;C:\Java\JavaEE\bin;C:\Tomcat\bin;C:\Java\apache-maven-3.5.3\apache-maven\src\bin;C:\Java\apache-maven-3.5.3\apache-maven\src;C:\JavaScript\Node\;C:\JavaScript\Git\cmd;C:\Users\Олег Гончар\AppData\Roaming\npm;C:\Users\Олег Гончар\AppData\Local\atom\bin;C:\Users\Олег Гончар\AppData\Local\GitHubDesktop\bin;C:\Java\Eclipse\eclipse;
USERNAME=Олег Гончар
OS=Windows_NT
PROCESSOR_IDENTIFIER=Intel64 Family 6 Model 58 Stepping 9, GenuineIntel



---------------  S Y S T E M  ---------------

OS: Windows 10.0 , 64 bit Build 16299 (10.0.16299.431)

CPU:total 4 (initial active 4) (2 cores per cpu, 2 threads per core) family 6 model 58 stepping 9, cmov, cx8, fxsr, mmx, sse, sse2, sse3, ssse3, sse4.1, sse4.2, popcnt, avx, aes, clmul, erms, ht, tsc, tscinvbit, tscinv

Memory: 4k page, physical 4098756k(417980k free), swap 12277312k(4340k free)

vm_info: Java HotSpot(TM) 64-Bit Server VM (25.171-b11) for windows-amd64 JRE (1.8.0_171-b11), built on Mar 28 2018 16:06:12 by "java_re" with MS VC++ 10.0 (VS2010)

time: Thu May 24 11:07:31 2018
elapsed time: 0 seconds (0d 0h 0m 0s)

